<?xml version="1.0" encoding="UTF-8"?>
<testng-results ignored="0" total="1" passed="1" failed="0" skipped="0">
  <reporter-output>
  </reporter-output>
  <suite started-at="2022-09-07T11:29:23 IST" name="Default suite" finished-at="2022-09-07T11:29:41 IST" duration-ms="17651">
    <groups>
    </groups>
    <test started-at="2022-09-07T11:29:23 IST" name="Default test" finished-at="2022-09-07T11:29:41 IST" duration-ms="17651">
      <class name="test.Testng_google">
        <test-method is-config="true" signature="driver()[pri:0, instance:test.Testng_google@6bbe85a8]" started-at="2022-09-07T11:29:23 IST" name="driver" finished-at="2022-09-07T11:29:27 IST" duration-ms="3854" status="PASS">
          <reporter-output>
          </reporter-output>
        </test-method> <!-- driver -->
        <test-method signature="test()[pri:0, instance:test.Testng_google@6bbe85a8]" started-at="2022-09-07T11:29:27 IST" name="test" finished-at="2022-09-07T11:29:35 IST" duration-ms="7701" status="PASS">
          <reporter-output>
          </reporter-output>
        </test-method> <!-- test -->
        <test-method is-config="true" signature="driverquit()[pri:0, instance:test.Testng_google@6bbe85a8]" started-at="2022-09-07T11:29:35 IST" name="driverquit" finished-at="2022-09-07T11:29:41 IST" duration-ms="6057" status="PASS">
          <reporter-output>
          </reporter-output>
        </test-method> <!-- driverquit -->
      </class> <!-- test.Testng_google -->
    </test> <!-- Default test -->
  </suite> <!-- Default suite -->
</testng-results>
